=== Suite started at 2014-09-12 11:02:21
=== Starting test, 1 test cases
=cases         1
=user          kpe
=host          kpextalk
=hosts         kpextalk 
=emulator_vsn  6.1
=emulator      beam
=otp_release   17
=started       2014-09-12 11:02:21
=case          ct_framework:init_per_suite
=logfile       ct_framework.init_per_suite.html
=group_props   [{suite,api_handler_SUITE}]
=started       2014-09-12 11:02:21
=ended         2014-09-12 11:02:21
=result        ok
=elapsed       1.0e-6
=case          api_handler_SUITE:basic_handle
=logfile       api_handler_suite.basic_handle.html
=started       2014-09-12 11:02:21
=ended         2014-09-12 11:02:21
=result        ok
=elapsed       0.340404
=case          ct_framework:end_per_suite
=logfile       ct_framework.end_per_suite.html
=group_props   [{suite,api_handler_SUITE}]
=started       2014-09-12 11:02:21
=ended         2014-09-12 11:02:21
=result        ok
=elapsed       1.0e-6
=group_time    0.400s
=== TEST COMPLETE, 1 ok, 0 failed of 1 test cases

=finished      2014-09-12 11:02:21
=failed        0
=successful    1
=user_skipped  0
=auto_skipped  0
