=== Suite started at 2014-09-12 10:30:58
=== Starting test, 0 test cases
=cases         0
=user          kpe
=host          kpextalk
=hosts         kpextalk 
=emulator_vsn  6.1
=emulator      beam
=otp_release   17
=started       2014-09-12 10:30:58
=case          ct_framework:error_in_suite
=logfile       ct_framework.error_in_suite.html
=started       2014-09-12 10:30:58
=ended         2014-09-12 10:30:58
=result        failed: 'api_handler_SUITE:all/0 is missing', [{ct_framework,
                                                               error_in_suite}]
=== *** FAILED {ct_framework,error_in_suite} ***
=== TEST COMPLETE, 0 ok, 0 failed of 0 test cases

=finished      2014-09-12 10:30:58
=failed        0
=successful    0
=user_skipped  0
=auto_skipped  0
