=== Suite started at 2014-09-12 10:46:53
=== Starting test, 1 test cases
=cases         1
=user          kpe
=host          kpextalk
=hosts         kpextalk 
=emulator_vsn  6.1
=emulator      beam
=otp_release   17
=started       2014-09-12 10:46:53
=case          ct_framework:init_per_suite
=logfile       ct_framework.init_per_suite.html
=group_props   [{suite,api_handler_SUITE}]
=started       2014-09-12 10:46:53
=ended         2014-09-12 10:46:53
=result        ok
=elapsed       1.0e-6
=case          api_handler_SUITE:basic_handle
=logfile       api_handler_suite.basic_handle.html
=started       2014-09-12 10:46:53
=ended         2014-09-12 10:46:53
=result        failed: {function_clause,
                           [{api_handler_SUITE,basic_handle,
                                [[{watchdog,<0.72.0>},
                                  {tc_logfile,
                                      "/home/kpe/dev/diversity-api/divapi/logs/ct_run.ct@kpextalk.2014-09-12_10.46.53/diversity-api.divapi.api_handler_SUITE.logs/run.2014-09-12_10.46.53/api_handler_suite.basic_handle.html"},
                                  {tc_group_properties,
                                      [{suite,api_handler_SUITE}]},
                                  {tc_group_path,[]},
                                  {data_dir,
                                      "/home/kpe/dev/diversity-api/divapi/test/api_handler_SUITE_data/"},
                                  {priv_dir,
                                      "/home/kpe/dev/diversity-api/divapi/logs/ct_run.ct@kpextalk.2014-09-12_10.46.53/diversity-api.divapi.api_handler_SUITE.logs/run.2014-09-12_10.46.53/log_private/"}]],
                                [{file,"test/api_handler_SUITE.erl"},
                                 {line,11}]},
                            {test_server,ts_tc,3,
                                [{file,"test_server.erl"},{line,1415}]},
                            {test_server,run_test_case_eval1,6,
                                [{file,"test_server.erl"},{line,1028}]},
                            {test_server,run_test_case_eval,9,
                                [{file,"test_server.erl"},{line,976}]}]}, [{api_handler_SUITE,
                                                                            basic_handle,
                                                                            11},
                                                                           {test_server,
                                                                            ts_tc,
                                                                            1415},
                                                                           {test_server,
                                                                            run_test_case_eval1,
                                                                            1028},
                                                                           {test_server,
                                                                            run_test_case_eval,
                                                                            976}]
=== *** FAILED test case 1 of 1 ***
=case          ct_framework:end_per_suite
=logfile       ct_framework.end_per_suite.html
=group_props   [{suite,api_handler_SUITE}]
=started       2014-09-12 10:46:53
=ended         2014-09-12 10:46:53
=result        ok
=elapsed       1.0e-6
=group_time    0.068s
=== TEST COMPLETE, 0 ok, 1 failed of 1 test cases

=finished      2014-09-12 10:46:53
=failed        1
=successful    0
=user_skipped  0
=auto_skipped  0
